2014-11-14 13:40:11 INFO  MainS:21 - llllllll
2014-11-14 13:40:50 INFO  MainS:21 - lllll2222
2014-11-14 13:41:00 INFO  MainS:21 - lllll2222
2014-11-14 13:42:19 INFO  MainS:19 - lllll2222
2014-11-14 13:42:19 ERROR MainS:20 - hh
2014-11-14 13:43:29 INFO  MainS:19 - lllll2222
2014-11-14 13:43:29 ERROR MainS:20 - hh
2014-11-14 13:44:52 INFO  MainS:19 - lllll2222
2014-11-14 13:44:52 ERROR MainS:20 - hh
2014-11-14 13:45:04 INFO  MainS:19 - lllll2222
2014-11-14 13:45:04 ERROR MainS:20 - error
2014-11-14 13:46:22 INFO  MainS:19 - lllll2222
2014-11-14 13:46:22 ERROR MainS:20 - error
2014-11-14 13:46:26 INFO  MainS:19 - lllll2222
2014-11-14 13:46:26 ERROR MainS:20 - error
2014-11-14 13:46:27 INFO  MainS:19 - lllll2222
2014-11-14 13:46:27 ERROR MainS:20 - error
2014-11-14 13:47:22 INFO  MainS:12 - lllll2222
2014-11-14 13:47:22 ERROR MainS:13 - error2
2014-11-14 13:51:24 INFO  MainS:13 - lllll2222
2014-11-14 13:51:24 ERROR MainS:14 - error2
2014-11-14 13:51:42 INFO  MainS:13 - info 1
2014-11-14 13:51:42 ERROR MainS:14 - error 2
2014-11-14 15:19:14 INFO  MainS:17 - Runn...
2014-11-14 15:34:41 INFO  MainS:19 - Runn...
2014-11-14 15:38:03 INFO  MainS:19 - Runn...
2014-11-14 15:38:52 INFO  MainS:19 - Runn...
2014-11-14 15:41:32 INFO  MainS:19 - Runn...
2014-11-14 15:41:32 INFO  ClassPathXmlApplicationContext:510 - Refreshing org.springframework.context.support.ClassPathXmlApplicationContext@40993028: startup date [Fri Nov 14 15:41:32 GMT+04:00 2014]; root of context hierarchy
2014-11-14 15:41:32 INFO  XmlBeanDefinitionReader:317 - Loading XML bean definitions from class path resource [bean.xml]
2014-11-14 15:41:34 INFO  MainS:19 - Runn...
2014-11-14 15:41:34 INFO  ClassPathXmlApplicationContext:510 - Refreshing org.springframework.context.support.ClassPathXmlApplicationContext@928b33a: startup date [Fri Nov 14 15:41:34 GMT+04:00 2014]; root of context hierarchy
2014-11-14 15:41:34 INFO  XmlBeanDefinitionReader:317 - Loading XML bean definitions from class path resource [bean.xml]
2014-11-14 15:42:24 INFO  MainS:19 - Runn...
2014-11-14 15:42:24 INFO  ClassPathXmlApplicationContext:510 - Refreshing org.springframework.context.support.ClassPathXmlApplicationContext@40993028: startup date [Fri Nov 14 15:42:24 GMT+04:00 2014]; root of context hierarchy
2014-11-14 15:42:24 INFO  XmlBeanDefinitionReader:317 - Loading XML bean definitions from class path resource [bean.xml]
2014-11-14 15:43:25 INFO  MainS:19 - Runn...
2014-11-14 15:43:25 INFO  ClassPathXmlApplicationContext:510 - Refreshing org.springframework.context.support.ClassPathXmlApplicationContext@78f77e9b: startup date [Fri Nov 14 15:43:25 GMT+04:00 2014]; root of context hierarchy
2014-11-14 15:43:25 INFO  XmlBeanDefinitionReader:317 - Loading XML bean definitions from class path resource [bean.xml]
2014-11-14 16:37:55 INFO  MainS:19 - Runn...
2014-11-14 16:38:04 INFO  MainS:19 - Runn...
2014-11-14 16:38:04 INFO  ClassPathXmlApplicationContext:510 - Refreshing org.springframework.context.support.ClassPathXmlApplicationContext@928b33a: startup date [Fri Nov 14 16:38:04 GMT+04:00 2014]; root of context hierarchy
2014-11-14 16:38:04 INFO  XmlBeanDefinitionReader:317 - Loading XML bean definitions from class path resource [bean.xml]
2014-11-14 16:38:15 INFO  MainS:19 - Runn...
2014-11-14 16:38:15 INFO  ClassPathXmlApplicationContext:510 - Refreshing org.springframework.context.support.ClassPathXmlApplicationContext@8c24496: startup date [Fri Nov 14 16:38:15 GMT+04:00 2014]; root of context hierarchy
2014-11-14 16:38:15 INFO  XmlBeanDefinitionReader:317 - Loading XML bean definitions from class path resource [bean.xml]
2014-11-14 16:40:16 INFO  MainS:19 - Runn...
2014-11-14 16:40:16 INFO  ClassPathXmlApplicationContext:510 - Refreshing org.springframework.context.support.ClassPathXmlApplicationContext@8c24496: startup date [Fri Nov 14 16:40:16 GMT+04:00 2014]; root of context hierarchy
2014-11-14 16:40:16 INFO  XmlBeanDefinitionReader:317 - Loading XML bean definitions from class path resource [bean.xml]
2014-11-14 16:43:56 INFO  MainS:19 - Runn...
2014-11-14 16:43:56 INFO  ClassPathXmlApplicationContext:510 - Refreshing org.springframework.context.support.ClassPathXmlApplicationContext@a24d858: startup date [Fri Nov 14 16:43:56 GMT+04:00 2014]; root of context hierarchy
2014-11-14 16:43:56 INFO  XmlBeanDefinitionReader:317 - Loading XML bean definitions from class path resource [bean.xml]
2014-11-14 16:44:18 INFO  MainS:19 - Runn...
2014-11-14 16:44:18 INFO  ClassPathXmlApplicationContext:510 - Refreshing org.springframework.context.support.ClassPathXmlApplicationContext@4f0ea988: startup date [Fri Nov 14 16:44:18 GMT+04:00 2014]; root of context hierarchy
2014-11-14 16:44:18 INFO  XmlBeanDefinitionReader:317 - Loading XML bean definitions from class path resource [bean.xml]
2014-11-14 16:44:26 INFO  MainS:19 - Runn...
2014-11-14 16:44:26 INFO  ClassPathXmlApplicationContext:510 - Refreshing org.springframework.context.support.ClassPathXmlApplicationContext@4f0ea988: startup date [Fri Nov 14 16:44:26 GMT+04:00 2014]; root of context hierarchy
2014-11-14 16:44:26 INFO  XmlBeanDefinitionReader:317 - Loading XML bean definitions from class path resource [bean.xml]
2014-11-14 16:56:00 INFO  MainS:19 - Runn...
2014-11-14 16:56:00 INFO  ClassPathXmlApplicationContext:510 - Refreshing org.springframework.context.support.ClassPathXmlApplicationContext@4f0ea988: startup date [Fri Nov 14 16:56:00 GMT+04:00 2014]; root of context hierarchy
2014-11-14 16:56:00 INFO  XmlBeanDefinitionReader:317 - Loading XML bean definitions from class path resource [bean.xml]
2014-11-14 16:56:37 INFO  MainS:19 - Runn...
2014-11-14 16:56:37 INFO  ClassPathXmlApplicationContext:510 - Refreshing org.springframework.context.support.ClassPathXmlApplicationContext@928b33a: startup date [Fri Nov 14 16:56:37 GMT+04:00 2014]; root of context hierarchy
2014-11-14 16:56:37 INFO  XmlBeanDefinitionReader:317 - Loading XML bean definitions from class path resource [bean.xml]
2014-11-14 16:02:05 INFO  MainS:19 - Runn...
2014-11-14 16:02:05 INFO  ClassPathXmlApplicationContext:510 - Refreshing org.springframework.context.support.ClassPathXmlApplicationContext@4f0ea988: startup date [Fri Nov 14 16:02:05 GMT+04:00 2014]; root of context hierarchy
2014-11-14 16:02:05 INFO  XmlBeanDefinitionReader:317 - Loading XML bean definitions from class path resource [bean.xml]
2014-11-14 16:02:10 INFO  MainS:19 - Runn...
2014-11-14 16:02:10 INFO  ClassPathXmlApplicationContext:510 - Refreshing org.springframework.context.support.ClassPathXmlApplicationContext@4f0ea988: startup date [Fri Nov 14 16:02:10 GMT+04:00 2014]; root of context hierarchy
2014-11-14 16:02:10 INFO  XmlBeanDefinitionReader:317 - Loading XML bean definitions from class path resource [bean.xml]
2014-11-14 16:06:19 INFO  MainS:19 - Runn...
2014-11-14 16:06:19 INFO  ClassPathXmlApplicationContext:510 - Refreshing org.springframework.context.support.ClassPathXmlApplicationContext@4f0ea988: startup date [Fri Nov 14 16:06:19 GMT+04:00 2014]; root of context hierarchy
2014-11-14 16:06:19 INFO  XmlBeanDefinitionReader:317 - Loading XML bean definitions from class path resource [bean.xml]
2014-11-14 16:07:04 INFO  MainS:19 - Runn...
2014-11-14 16:07:04 INFO  ClassPathXmlApplicationContext:510 - Refreshing org.springframework.context.support.ClassPathXmlApplicationContext@4f0ea988: startup date [Fri Nov 14 16:07:04 GMT+04:00 2014]; root of context hierarchy
2014-11-14 16:07:04 INFO  XmlBeanDefinitionReader:317 - Loading XML bean definitions from class path resource [bean.xml]
2014-11-14 16:08:06 INFO  MainS:19 - Runn...
2014-11-14 16:08:07 INFO  ClassPathXmlApplicationContext:510 - Refreshing org.springframework.context.support.ClassPathXmlApplicationContext@928b33a: startup date [Fri Nov 14 16:08:07 GMT+04:00 2014]; root of context hierarchy
2014-11-14 16:08:07 INFO  XmlBeanDefinitionReader:317 - Loading XML bean definitions from class path resource [bean.xml]
2014-11-14 16:08:39 INFO  MainS:19 - Runn...
2014-11-14 16:08:40 INFO  ClassPathXmlApplicationContext:510 - Refreshing org.springframework.context.support.ClassPathXmlApplicationContext@40993028: startup date [Fri Nov 14 16:08:40 GMT+04:00 2014]; root of context hierarchy
2014-11-14 16:08:40 INFO  XmlBeanDefinitionReader:317 - Loading XML bean definitions from class path resource [bean.xml]
2014-11-14 16:21:31 INFO  MainS:19 - Runn...
2014-11-14 16:21:31 INFO  ClassPathXmlApplicationContext:510 - Refreshing org.springframework.context.support.ClassPathXmlApplicationContext@79c4a760: startup date [Fri Nov 14 16:21:31 GMT+04:00 2014]; root of context hierarchy
2014-11-14 16:21:31 INFO  XmlBeanDefinitionReader:317 - Loading XML bean definitions from class path resource [bean.xml]
2014-11-14 16:21:31 WARN  ClassPathXmlApplicationContext:487 - Exception encountered during context initialization - cancelling refresh attempt
org.springframework.beans.factory.BeanCreationException: Error creating bean with name 'single' defined in class path resource [bean.xml]: No matching factory method found: factory method 'getInstance()'. Check that a method with the specified name exists and that it is static.
	at org.springframework.beans.factory.support.ConstructorResolver.instantiateUsingFactoryMethod(ConstructorResolver.java:552)
	at org.springframework.beans.factory.support.AbstractAutowireCapableBeanFactory.instantiateUsingFactoryMethod(AbstractAutowireCapableBeanFactory.java:1113)
	at org.springframework.beans.factory.support.AbstractAutowireCapableBeanFactory.createBeanInstance(AbstractAutowireCapableBeanFactory.java:1008)
	at org.springframework.beans.factory.support.AbstractAutowireCapableBeanFactory.doCreateBean(AbstractAutowireCapableBeanFactory.java:505)
	at org.springframework.beans.factory.support.AbstractAutowireCapableBeanFactory.createBean(AbstractAutowireCapableBeanFactory.java:476)
	at org.springframework.beans.factory.support.AbstractBeanFactory$1.getObject(AbstractBeanFactory.java:302)
	at org.springframework.beans.factory.support.DefaultSingletonBeanRegistry.getSingleton(DefaultSingletonBeanRegistry.java:229)
	at org.springframework.beans.factory.support.AbstractBeanFactory.doGetBean(AbstractBeanFactory.java:298)
	at org.springframework.beans.factory.support.AbstractBeanFactory.getBean(AbstractBeanFactory.java:193)
	at org.springframework.beans.factory.support.DefaultListableBeanFactory.preInstantiateSingletons(DefaultListableBeanFactory.java:762)
	at org.springframework.context.support.AbstractApplicationContext.finishBeanFactoryInitialization(AbstractApplicationContext.java:757)
	at org.springframework.context.support.AbstractApplicationContext.refresh(AbstractApplicationContext.java:480)
	at org.springframework.context.support.ClassPathXmlApplicationContext.<init>(ClassPathXmlApplicationContext.java:139)
	at org.springframework.context.support.ClassPathXmlApplicationContext.<init>(ClassPathXmlApplicationContext.java:83)
	at www.logg.ru.MainS.main(MainS.java:20)
2014-11-14 16:24:12 INFO  MainS:19 - Runn...
2014-11-14 16:24:12 INFO  ClassPathXmlApplicationContext:510 - Refreshing org.springframework.context.support.ClassPathXmlApplicationContext@14c8f24: startup date [Fri Nov 14 16:24:12 GMT+04:00 2014]; root of context hierarchy
2014-11-14 16:24:12 INFO  XmlBeanDefinitionReader:317 - Loading XML bean definitions from class path resource [bean.xml]
2014-11-14 16:25:42 INFO  MainS:19 - Runn...
2014-11-14 16:25:42 INFO  ClassPathXmlApplicationContext:510 - Refreshing org.springframework.context.support.ClassPathXmlApplicationContext@2a51b326: startup date [Fri Nov 14 16:25:42 GMT+04:00 2014]; root of context hierarchy
2014-11-14 16:25:43 INFO  XmlBeanDefinitionReader:317 - Loading XML bean definitions from class path resource [bean.xml]
2014-11-14 16:26:04 INFO  MainS:19 - Runn...
2014-11-14 16:26:04 INFO  ClassPathXmlApplicationContext:510 - Refreshing org.springframework.context.support.ClassPathXmlApplicationContext@5dc8ce14: startup date [Fri Nov 14 16:26:04 GMT+04:00 2014]; root of context hierarchy
2014-11-14 16:26:04 INFO  XmlBeanDefinitionReader:317 - Loading XML bean definitions from class path resource [bean.xml]
2014-11-14 16:27:20 INFO  MainS:19 - Runn...
2014-11-14 16:27:20 INFO  ClassPathXmlApplicationContext:510 - Refreshing org.springframework.context.support.ClassPathXmlApplicationContext@79c4a760: startup date [Fri Nov 14 16:27:20 GMT+04:00 2014]; root of context hierarchy
2014-11-14 16:27:20 INFO  XmlBeanDefinitionReader:317 - Loading XML bean definitions from class path resource [bean.xml]
2014-11-14 16:27:32 INFO  MainS:19 - Runn...
2014-11-14 16:27:33 INFO  ClassPathXmlApplicationContext:510 - Refreshing org.springframework.context.support.ClassPathXmlApplicationContext@79c4a760: startup date [Fri Nov 14 16:27:33 GMT+04:00 2014]; root of context hierarchy
2014-11-14 16:27:33 INFO  XmlBeanDefinitionReader:317 - Loading XML bean definitions from class path resource [bean.xml]
2014-11-14 16:28:25 INFO  MainS:19 - Runn...
2014-11-14 16:28:25 INFO  ClassPathXmlApplicationContext:510 - Refreshing org.springframework.context.support.ClassPathXmlApplicationContext@5dc8ce14: startup date [Fri Nov 14 16:28:25 GMT+04:00 2014]; root of context hierarchy
2014-11-14 16:28:25 INFO  XmlBeanDefinitionReader:317 - Loading XML bean definitions from class path resource [bean.xml]
2014-11-14 16:28:56 INFO  MainS:19 - Runn...
2014-11-14 16:28:56 INFO  ClassPathXmlApplicationContext:510 - Refreshing org.springframework.context.support.ClassPathXmlApplicationContext@79c4a760: startup date [Fri Nov 14 16:28:56 GMT+04:00 2014]; root of context hierarchy
2014-11-14 16:28:56 INFO  XmlBeanDefinitionReader:317 - Loading XML bean definitions from class path resource [bean.xml]
2014-11-14 16:29:37 INFO  MainS:19 - Runn...
2014-11-14 16:29:37 INFO  ClassPathXmlApplicationContext:510 - Refreshing org.springframework.context.support.ClassPathXmlApplicationContext@5dc8ce14: startup date [Fri Nov 14 16:29:37 GMT+04:00 2014]; root of context hierarchy
2014-11-14 16:29:37 INFO  XmlBeanDefinitionReader:317 - Loading XML bean definitions from class path resource [bean.xml]
2014-11-14 16:29:54 INFO  MainS:19 - Runn...
2014-11-14 16:29:54 INFO  ClassPathXmlApplicationContext:510 - Refreshing org.springframework.context.support.ClassPathXmlApplicationContext@5dc8ce14: startup date [Fri Nov 14 16:29:54 GMT+04:00 2014]; root of context hierarchy
2014-11-14 16:29:54 INFO  XmlBeanDefinitionReader:317 - Loading XML bean definitions from class path resource [bean.xml]
2014-11-14 16:30:23 INFO  MainS:19 - Runn...
2014-11-14 16:30:23 INFO  ClassPathXmlApplicationContext:510 - Refreshing org.springframework.context.support.ClassPathXmlApplicationContext@5dc8ce14: startup date [Fri Nov 14 16:30:23 GMT+04:00 2014]; root of context hierarchy
2014-11-14 16:30:23 INFO  XmlBeanDefinitionReader:317 - Loading XML bean definitions from class path resource [bean.xml]
2014-11-14 16:30:27 INFO  MainS:19 - Runn...
2014-11-14 16:30:27 INFO  ClassPathXmlApplicationContext:510 - Refreshing org.springframework.context.support.ClassPathXmlApplicationContext@79c4a760: startup date [Fri Nov 14 16:30:27 GMT+04:00 2014]; root of context hierarchy
2014-11-14 16:30:27 INFO  XmlBeanDefinitionReader:317 - Loading XML bean definitions from class path resource [bean.xml]
